<?xml version="1.0" encoding="UTF-8"?>
<!-- Generated by org.testng.reporters.JUnitReportReporter -->
<testsuite hostname="DESKTOP-T7IHCJ8" failures="0" tests="1" name="saucedemo.login.LoginScreen" time="0.607" errors="0" timestamp="07 Dec 2023 15:24:34 GMT" skipped="0">
  <testcase classname="saucedemo.login.LoginScreen" name="loginTest" time="0.607"/>
</testsuite> <!-- saucedemo.login.LoginScreen -->
