<?xml version="1.0" encoding="UTF-8"?>
<!-- Generated by org.testng.reporters.JUnitReportReporter -->
<testsuite hostname="DESKTOP-T7IHCJ8" failures="0" tests="1" name="saucedemoTesting.LoginScreenTest" time="1.029" errors="0" timestamp="2023-04-16T13:53:48 IST" skipped="0">
  <testcase classname="saucedemoTesting.LoginScreenTest" name="loinScreenTest" time="1.029"/>
  <system-out/>
</testsuite> <!-- saucedemoTesting.LoginScreenTest -->
